[debug] [2023-02-24T20:43:06.200Z] ----------------------------------------------------------------------
[debug] [2023-02-24T20:43:06.202Z] Command:       /usr/local/bin/node /home/felixruizdelacuesta/.npm-global/bin/firebase deploy
[debug] [2023-02-24T20:43:06.202Z] CLI Version:   11.23.1
[debug] [2023-02-24T20:43:06.202Z] Platform:      linux
[debug] [2023-02-24T20:43:06.202Z] Node Version:  v18.14.1
[debug] [2023-02-24T20:43:06.202Z] Time:          Fri Feb 24 2023 21:43:06 GMT+0100 (hora estándar de Europa central)
[debug] [2023-02-24T20:43:06.202Z] ----------------------------------------------------------------------
[debug] 
[debug] [2023-02-24T20:43:06.245Z] > command requires scopes: ["email","openid","https://www.googleapis.com/auth/cloudplatformprojects.readonly","https://www.googleapis.com/auth/firebase","https://www.googleapis.com/auth/cloud-platform"]
[debug] [2023-02-24T20:43:06.245Z] > authorizing via signed-in user (felixruizdelacuesta1@gmail.com)
[debug] [2023-02-24T20:43:06.245Z] [iam] checking project oto-web-1 for permissions ["firebase.projects.get","firebasehosting.sites.update"]
[debug] [2023-02-24T20:43:06.247Z] >>> [apiv2][query] POST https://cloudresourcemanager.googleapis.com/v1/projects/oto-web-1:testIamPermissions [none]
[debug] [2023-02-24T20:43:06.247Z] >>> [apiv2][(partial)header] POST https://cloudresourcemanager.googleapis.com/v1/projects/oto-web-1:testIamPermissions x-goog-quota-user=projects/oto-web-1
[debug] [2023-02-24T20:43:06.247Z] >>> [apiv2][body] POST https://cloudresourcemanager.googleapis.com/v1/projects/oto-web-1:testIamPermissions {"permissions":["firebase.projects.get","firebasehosting.sites.update"]}
[debug] [2023-02-24T20:43:08.070Z] <<< [apiv2][status] POST https://cloudresourcemanager.googleapis.com/v1/projects/oto-web-1:testIamPermissions 200
[debug] [2023-02-24T20:43:08.070Z] <<< [apiv2][body] POST https://cloudresourcemanager.googleapis.com/v1/projects/oto-web-1:testIamPermissions {"permissions":["firebase.projects.get","firebasehosting.sites.update"]}
[debug] [2023-02-24T20:43:08.071Z] >>> [apiv2][query] GET https://firebase.googleapis.com/v1beta1/projects/oto-web-1 [none]
[debug] [2023-02-24T20:43:08.685Z] <<< [apiv2][status] GET https://firebase.googleapis.com/v1beta1/projects/oto-web-1 200
[debug] [2023-02-24T20:43:08.685Z] <<< [apiv2][body] GET https://firebase.googleapis.com/v1beta1/projects/oto-web-1 {"projectId":"oto-web-1","projectNumber":"635790024578","displayName":"oto-web-1","name":"projects/oto-web-1","resources":{"hostingSite":"oto-web-1"},"state":"ACTIVE","etag":"1_e7468951-704a-4664-b616-8157f48e6620"}
[info] 
[info] === Deploying to 'oto-web-1'...
[info] 
[info] i  deploying hosting 
[debug] [2023-02-24T20:43:08.688Z] >>> [apiv2][query] POST https://firebasehosting.googleapis.com/v1beta1/projects/-/sites/oto-web-1/versions [none]
[debug] [2023-02-24T20:43:08.688Z] >>> [apiv2][body] POST https://firebasehosting.googleapis.com/v1beta1/projects/-/sites/oto-web-1/versions {"status":"CREATED","labels":{"deployment-tool":"cli-firebase"}}
[debug] [2023-02-24T20:43:09.811Z] <<< [apiv2][status] POST https://firebasehosting.googleapis.com/v1beta1/projects/-/sites/oto-web-1/versions 200
[debug] [2023-02-24T20:43:09.812Z] <<< [apiv2][body] POST https://firebasehosting.googleapis.com/v1beta1/projects/-/sites/oto-web-1/versions {"name":"projects/635790024578/sites/oto-web-1/versions/4595b8627c9238e0","status":"CREATED","config":{},"labels":{"deployment-tool":"cli-firebase"}}
[info] i  hosting[oto-web-1]: beginning deploy... 
[info] i  hosting[oto-web-1]: found 92 files in ./dist/oto-web 
[debug] [2023-02-24T20:43:09.844Z] [hosting] uploading with 200 concurrency
[debug] [2023-02-24T20:43:10.116Z] [hosting] hash cache [ZGlzdC9vdG8td2Vi] stored for 92 files
[debug] [2023-02-24T20:43:10.116Z] [hosting][hash queue][FINAL] {"max":246,"min":14,"avg":65.07608695652173,"active":0,"complete":92,"success":92,"errored":0,"retried":0,"total":92,"elapsed":269}
[debug] [2023-02-24T20:43:10.116Z] >>> [apiv2][query] POST https://firebasehosting.googleapis.com/v1beta1/projects/635790024578/sites/oto-web-1/versions/4595b8627c9238e0:populateFiles [none]
[debug] [2023-02-24T20:43:10.116Z] >>> [apiv2][body] POST https://firebasehosting.googleapis.com/v1beta1/projects/635790024578/sites/oto-web-1/versions/4595b8627c9238e0:populateFiles {"files":{"/3rdpartylicenses.txt":"9eaec888abc8914fcfc5431d98ffd46858bebac439b5420bc0d1db27da62662e","/fa-v4compatibility.0186d7efd2319b1b.ttf":"190860c68cfe198da462f460637d1844384cfa1a7e9ce27be7339e4b399d36d8","/favicon.ico":"5ba04cf43d3c8c026bd5edd43046db96acb28b5686d99ea7d7e148feabfffc8f","/fa-v4compatibility.d2f7b4c4559fd6fe.woff2":"3bae254a04169865295c2fad6dc3d580e87c10b5827f31ede5c34a3f34ac1f74","/index.html":"a08b9885d3ae3aaf512017f7a5640a4b760051908662a12d4dcb0cf3c0a656e0","/runtime.787258585c442058.js":"5911c7cb9ff76e9dfeceeca4287f61cdddedab2bcf2df0a6038a1e3ffe2ed119","/polyfills.5e51979ad8221fee.js":"c680a812ee029d48e110643afbae1986acf8b2ac95500ed7db6001b09e5d0841","/assets/cms.jpg":"0421b48b84bc7af083e5be5749d912118863debf08fca9abcf5b58b38bc6c71e","/assets/flecha.jpeg":"1a7ac47a7924f028f4a8415b4236aaf5e81e5bcbaa71fcffb2ba6f74f9ceb704","/assets/flecha.png":"dea017943aeb732c00c89e3d28d98674b3bd1606a6f60bbfe03d03d8f3af969e","/assets/flecha1.png":"a11c09a9721ac80e883dade3d7964f7f16f5cf842384144e1d01c03f051557ba","/assets/flecha2.jpg":"eaaa3424df5294f08fc797d28330347d0aa42e9810fe55bd3cc8a86ca22b2e4c","/assets/informatico.jpg":"834c416109cd949c769aaa0af8291cdbfb883759d663e5f342cd7e4618f411d2","/fa-regular-400.561c7c94e0bcd512.woff2":"8a170b27e36bed425e432dd56fb65366f6bf26cd70eae3fc713a6ceabbbaf110","/fa-regular-400.e9092185220128b0.ttf":"624dffee260d12fc9f95ab1df3b12e91f9626512a39fbb9d98deabca7cec710f","/assets/cama.jpg":"62a9c7d40b979d2bbb9b68eef7a9c54878b5b939fc3563fc045e857507910c2e","/assets/flechafinal.png":"6d501620dfc2698be9e04edf6d818448492dac0830a07ffadf9093a4482cb15e","/assets/carcinoma.png":"91c0b3b291418e0e254e0f35124792a6317dba13546f7c834843632c4e1f79ee","/assets/fosanasal.jpg":"4e3befc3e847964568a3b5a51d89b3b040d46ced7a79d1ff1a49f34d91827ffe","/assets/ederma.png":"9148b5d2a1b01d9a516bd89c040f1c91e5c86f905896f758b58b6e93e380fd58","/assets/flecha3.png":"113a256f92d4bae6006f7c2d745e58cae105ae2f59198d44c467fa85b2f29fa1","/assets/instrumentos2.jpg":"ca5399b49e2f77359d114875602c4b531c184d092fe29edfa444b183f42afbf9","/assets/instrumentos4.jpg":"d27771c16ea342738c2981a20d6b03090e5d98cdc076477ca3f28fd8ba172fbc","/assets/instrumentos3.jpg":"e155bed82fd3206250166e2a6e296f1ec8f3c46b1b76e9be44b89bb2bfbaef70","/assets/infantil.jpg":"9f922aff873c0627766f07ebffe3dfefd978d1c369a6f7af1638d9a4ac3187bb","/assets/luzminera.jpg":"48cee1dc2437bdd166c7de1bfc77457739b0c8d07002eb75a459ae8392bd7348","/assets/micro2.jpg":"65131b254262e30b3f6258ee654782f63cdd38866456eacbcb56fbc28f0c5d90","/assets/instrumentos.jpg":"9c4556c61840b18a8f7fe9c18f52b4e0c731ba5ac00944453ff0db06b8f3c8d5","/assets/flecha4.png":"0098ba980c7765b7050954bc89de68ab06a1054eb61c91c40c1031d42aacebb9","/assets/laringe12.jpg":"9f7686058dc4fcef6dfcd48776ccd5a260a4b8310aa3e4bb7e61acf9dcfed767","/assets/clinica3.jpg":"e7d2c355ae88e400251809adfbfe9beba92116cb48ff372dec91deb66e54d087","/assets/clinica4.jpg":"f9004a4d49ee241635e272836a8dbd013b6c362ca401db6fb386fffe11f7af87","/assets/leucoplasia.png":"ab56b51d3a59e61f4ccf03abbd6b0fd02962ced8b1e950d2af420ba8d5cfea35","/assets/clinica5.jpg":"11b8130d03f3cc4400df82ea496409afbd164b521ecbb04abf7a5ba65f807291","/assets/clinica7.jpg":"43b5f55b8fc4243a85a462544bfd6ebec3723ac3ae519285dac59b1fed79acd2","/fa-brands-400.87a84e7a754d3ea3.woff2":"d9b40c110404209ae81f316224e8db9a39938c3c8e0bf2920384c329fec2831f","/main.6e0746b34f3df5ae.js":"afac71c88572b3941e36e019c52ee5f22357a35f767f4f21ecdbbf7731e31a85","/assets/operacionnariz.jpg":"f71fbff314d266b90c3ee0dc52ff1c68d1a4b6580995d54fd9ad1a21e13c266b","/assets/oto2.jpg":"bbf2714cc7a1f2fa62b4a67693cb69cdc918e21b72ee3c2b7c85ef094c729221","/assets/otoscopio.jpg":"1b586caabacb07bac6cd200a891e29284f047edef71d28a3307fb010af83ea9f","/assets/palillos.jpg":"b2c4520711fcc8616967fd79447e912e43876917b07ffd7259b56fa0d679b4ec","/styles.b2c619fe7af8cdc5.css":"a931c8359fa372c17af04f63283db4c92e0dfa5f068321abca753e5ceb55bcfb","/assets/polisomnografia.jpg":"7fc9a601493565393461c343646d1be4a91f27c26fb9d438d052b449cc876885","/assets/garganta.jpg":"85e99868eadc2c85040da61d1fc27d0a74e1dacaef07c068a745b66caf5b5832","/fa-brands-400.8f295425e00606a5.ttf":"26063721dc78ac53d9eb02a4cc5e2e3e3daf50ecfde56538809c89e81928c8c9","/assets/laringe.png":"bb5fbccdc60822c2340c608fc68e9cf4e9e8188468a8f3019b3af567e847ead0","/fa-solid-900.3cfeed05c6462b50.woff2":"3576dbbfcdfec70d474dd515c2be744172b15601ab5c8e35a7334f9692d11683","/assets/rinoscopios.jpg":"6392cb6785ebef222b42183bb60994750d5e457fb258a77f603428213ca94c54","/assets/tratamiento.jpg":"98f5ba9e8524966ded7031f09994cd9e2c70c3a0cc7cd874a401b715866bf5e1","/operacion1.5ae4649bd8e9cbef.jpg":"c576c33d8aabaa480b188d1c14ad51aad5a681c80514a963a020eebdd42159d9","/assets/clinica8.jpg":"b41dd959b83237994606a1a2726167b6cd7fda72d03cd3225c16815c68f6e3e3","/assets/parking-valencia-ave-diseno-web.jpg":"ea922d9aa3589bd78e50d74929cefdc508fb6761884248671ddb1745310323ca","/assets/clinica6.jpg":"0034d6d21667fc534992be8b9d95096f5aca28558cada5e9d830a8f0109f2046","/assets/quirofano 4.jpg":"bf8d0fd0ae4e174022f10f93de149d8cc735f1c430eefed4d44bc7fdfae8cefb","/clinica2.da72a747c8455c20.jpg":"dee2da7196254d3a43911b12fd5faaa45cbe566327d7160cf73c8b6f26ab76ae","/assets/clinica2.jpg":"dee2da7196254d3a43911b12fd5faaa45cbe566327d7160cf73c8b6f26ab76ae","/assets/clinica1.jpg":"48808b46a7fd1b7cc3cbd46135a08a1da6ea782dae811cf176bbc2ffe6610880","/fa-solid-900.ab3a31afd1611597.ttf":"11a447e2b45ab1a83494eacf002f2be481f4f03ebdbe8a732aee61ee57fd551a","/assets/radio2.jpg":"550cb57be1fb1b25175e0726869ddca05007f3c10e9c1028533ca2192b6707d5","/assets/nariz.jpg":"aa637dc91442427eb117c6d6155c7d24b5bc17fc1de4940c90a8cacb48f5850f","/assets/operacion1.jpg":"c576c33d8aabaa480b188d1c14ad51aad5a681c80514a963a020eebdd42159d9","/assets/coclear.jpg":"a719b35dbd1cd268651679885c35453b0f1c087906ed0a4d0152692298539eba","/assets/operacion5.jpg":"8c23b44bc3bea6e615ea5e6d90844c6ea6e88a5967880e53cc63bb785701c9e7","/assets/cuello.jpg":"0966670b6ac56bcc01a31c57bb4146d4e3b5668db1ece09b35c41e4d4b5b2673","/assets/quirofano 2.jpg":"4c83957d78cadb6cbb87479ee9092302395622c14d8cddde258ab4d5308245e5","/assets/quirofano 3.jpg":"8c23b44bc3bea6e615ea5e6d90844c6ea6e88a5967880e53cc63bb785701c9e7","/principal.f10cd2bc5f8a5215.jpg":"ab566ce9e9ea6cdac5e1369a4832d325710cc90a1106291c85674c0496b79dc0","/assets/implante.jpg":"bc9968e6a1497a338246a50fd4082ebd12128bd836c2cd29b4f16c9f9234644a","/assets/operacion3.jpg":"2e87abc89808f7ab9c3cbd4595258c466c52733b53798e6b5bc34bb3d597773c","/assets/niño.jpg":"a719b35dbd1cd268651679885c35453b0f1c087906ed0a4d0152692298539eba","/assets/radio.jpg":"4f1466013c6e89218d2e7714b3ada7aef1b8494500b20b08f2dc45a6a61f3217","/assets/rx implantes.jpg":"4f1466013c6e89218d2e7714b3ada7aef1b8494500b20b08f2dc45a6a61f3217","/assets/operacion4.jpg":"6dd0c94d93df0d3b93d8475b8cb42bd0ee7ad30b5a0532cc21076f22347ec113","/assets/niño2.jpg":"4c33267ea39c48bc440d8dc48300f1eaa6b0cbc0d96efef3188b04d6c6bcfd58","/assets/quirofano gente-recortada.jpg":"f2faec2ae550a42db4c194681161f7c892b8da2eb3a29467fc9520a350de71ea","/assets/principal.jpg":"ab566ce9e9ea6cdac5e1369a4832d325710cc90a1106291c85674c0496b79dc0","/assets/taccuello.jpg":"7dc7a3e91d83aacbb5bea19911549bc5f1f279c841755e2afea29784a1cec887","/assets/amigo.jpg":"3edc20d679d7b4275199d496d355404a22b60df86d678362951af2d1ec15f519","/cms2.3ced9c3a97ddfb82.png":"d2dd82708ef9afa4b2629378f972c8a5dd86772f847da09c57c31484ba2a640c","/assets/cms2.png":"d2dd82708ef9afa4b2629378f972c8a5dd86772f847da09c57c31484ba2a640c","/mapsedit.360e9cb74b635eb2.png":"1e1008136aa2e654ebb887b93ed7ef3c312ea2e82f1077ec019cc7cc4101c6bb","/assets/mapsedit.png":"1e1008136aa2e654ebb887b93ed7ef3c312ea2e82f1077ec019cc7cc4101c6bb","/assets/radio4.jpg":"3b37fd74ffba7d3c1ca76418101d7e52bcfffa93f495585dfe8880e69aaa5dc8","/assets/maps.png":"934f44769038881120efebe86074c479cee592f2d04e35719927ab890d9bfd39","/scripts.60af3e5bf9fd73cb.js":"498f4aa2b7dbae8821f4fc2acd400ed85dfcba93cca6ce35ae6d383992451ab6","/assets/oto.jpg":"c12b7e10e19e70d5601e59855944c483a69f8f01cf10080ed33a4a8bde5d83f7","/assets/doctores.jpg":"cebff1c6a565929d28f7d02d879df0e56ab72205d63a4c606843e6fdad316c58","/assets/radio3.jpeg":"77225cf0c5d3e925ca9ea75d9025a6ef75461c4ffe40710da7a898d9356004f0","/assets/op2.jpg":"08d152b0e5d4e0a5da5976144a23813e99f5990398287ac26d06e43dd43b9221","/assets/op3.jpg":"d039542745874606d6f2b680f402570c22bb6d2ee3ad1d0a965364f7b605e940","/assets/rx.jpg":"9b5f643cf2cf30a187c7d3360e8ef4824e146ae8d751aa3ea5a3b08013c0e5d4","/assets/op1.jpg":"c392b2afb9b503dc364c5c05c2fafbcaa52231303e35d23e1bcf47ccaba7c1d9"}}
[debug] [2023-02-24T20:43:11.343Z] <<< [apiv2][status] POST https://firebasehosting.googleapis.com/v1beta1/projects/635790024578/sites/oto-web-1/versions/4595b8627c9238e0:populateFiles 200
[debug] [2023-02-24T20:43:11.343Z] <<< [apiv2][body] POST https://firebasehosting.googleapis.com/v1beta1/projects/635790024578/sites/oto-web-1/versions/4595b8627c9238e0:populateFiles {"uploadRequiredHashes":["a08b9885d3ae3aaf512017f7a5640a4b760051908662a12d4dcb0cf3c0a656e0","afac71c88572b3941e36e019c52ee5f22357a35f767f4f21ecdbbf7731e31a85"],"uploadUrl":"https://upload-firebasehosting.googleapis.com/upload/sites/oto-web-1/versions/4595b8627c9238e0/files"}
[debug] [2023-02-24T20:43:11.344Z] >>> [apiv2][query] POST https://upload-firebasehosting.googleapis.com/upload/sites/oto-web-1/versions/4595b8627c9238e0/files/a08b9885d3ae3aaf512017f7a5640a4b760051908662a12d4dcb0cf3c0a656e0 [none]
[debug] [2023-02-24T20:43:11.344Z] >>> [apiv2][body] POST https://upload-firebasehosting.googleapis.com/upload/sites/oto-web-1/versions/4595b8627c9238e0/files/a08b9885d3ae3aaf512017f7a5640a4b760051908662a12d4dcb0cf3c0a656e0 [stream]
[debug] [2023-02-24T20:43:11.346Z] >>> [apiv2][query] POST https://upload-firebasehosting.googleapis.com/upload/sites/oto-web-1/versions/4595b8627c9238e0/files/afac71c88572b3941e36e019c52ee5f22357a35f767f4f21ecdbbf7731e31a85 [none]
[debug] [2023-02-24T20:43:11.346Z] >>> [apiv2][body] POST https://upload-firebasehosting.googleapis.com/upload/sites/oto-web-1/versions/4595b8627c9238e0/files/afac71c88572b3941e36e019c52ee5f22357a35f767f4f21ecdbbf7731e31a85 [stream]
[debug] [2023-02-24T20:43:11.347Z] [hosting][populate queue][FINAL] {"max":1229,"min":1229,"avg":1229,"active":0,"complete":1,"success":1,"errored":0,"retried":0,"total":1,"elapsed":1232}
[debug] [2023-02-24T20:43:11.347Z] [hosting] uploads queued: 2
[debug] [2023-02-24T20:43:12.438Z] <<< [apiv2][status] POST https://upload-firebasehosting.googleapis.com/upload/sites/oto-web-1/versions/4595b8627c9238e0/files/a08b9885d3ae3aaf512017f7a5640a4b760051908662a12d4dcb0cf3c0a656e0 200
[debug] [2023-02-24T20:43:12.438Z] <<< [apiv2][body] POST https://upload-firebasehosting.googleapis.com/upload/sites/oto-web-1/versions/4595b8627c9238e0/files/a08b9885d3ae3aaf512017f7a5640a4b760051908662a12d4dcb0cf3c0a656e0 [stream]
[debug] [2023-02-24T20:43:13.287Z] <<< [apiv2][status] POST https://upload-firebasehosting.googleapis.com/upload/sites/oto-web-1/versions/4595b8627c9238e0/files/afac71c88572b3941e36e019c52ee5f22357a35f767f4f21ecdbbf7731e31a85 200
[debug] [2023-02-24T20:43:13.287Z] <<< [apiv2][body] POST https://upload-firebasehosting.googleapis.com/upload/sites/oto-web-1/versions/4595b8627c9238e0/files/afac71c88572b3941e36e019c52ee5f22357a35f767f4f21ecdbbf7731e31a85 [stream]
[debug] [2023-02-24T20:43:13.287Z] [hosting][upload queue][FINAL] {"max":1943,"min":1095,"avg":1519,"active":0,"complete":2,"success":2,"errored":0,"retried":0,"total":2,"elapsed":1944}
[info] ✔  hosting[oto-web-1]: file upload complete 
[debug] [2023-02-24T20:43:13.288Z] [hosting] deploy completed after 3472ms
[debug] [2023-02-24T20:43:13.289Z] [
  {
    "config": {
      "public": "./dist/oto-web",
      "ignore": [
        "firebase.json",
        "**/.*",
        "**/node_modules/**"
      ],
      "rewrites": [
        {
          "source": "**",
          "destination": "/index.html"
        }
      ],
      "site": "oto-web-1"
    },
    "version": "projects/635790024578/sites/oto-web-1/versions/4595b8627c9238e0"
  }
]
[info] i  hosting[oto-web-1]: finalizing version... 
[debug] [2023-02-24T20:43:13.290Z] >>> [apiv2][query] PATCH https://firebasehosting.googleapis.com/v1beta1/projects/-/sites/oto-web-1/versions/4595b8627c9238e0 updateMask=status%2Cconfig
[debug] [2023-02-24T20:43:13.290Z] >>> [apiv2][body] PATCH https://firebasehosting.googleapis.com/v1beta1/projects/-/sites/oto-web-1/versions/4595b8627c9238e0 {"status":"FINALIZED","config":{"rewrites":[{"glob":"**","path":"/index.html"}]}}
[debug] [2023-02-24T20:43:14.233Z] <<< [apiv2][status] PATCH https://firebasehosting.googleapis.com/v1beta1/projects/-/sites/oto-web-1/versions/4595b8627c9238e0 200
[debug] [2023-02-24T20:43:14.233Z] <<< [apiv2][body] PATCH https://firebasehosting.googleapis.com/v1beta1/projects/-/sites/oto-web-1/versions/4595b8627c9238e0 {"name":"projects/635790024578/sites/oto-web-1/versions/4595b8627c9238e0","status":"FINALIZED","config":{"rewrites":[{"glob":"**","path":"/index.html"}]},"labels":{"deployment-tool":"cli-firebase"},"createTime":"2023-02-24T20:43:09.462632Z","createUser":{"email":"felixruizdelacuesta1@gmail.com"},"finalizeTime":"2023-02-24T20:43:14.133719Z","finalizeUser":{"email":"felixruizdelacuesta1@gmail.com"}}
[debug] [2023-02-24T20:43:14.233Z] [hosting] finalized version for oto-web-1:[object Object]
[info] ✔  hosting[oto-web-1]: version finalized 
[info] i  hosting[oto-web-1]: releasing new version... 
[debug] [2023-02-24T20:43:14.235Z] >>> [apiv2][query] POST https://firebasehosting.googleapis.com/v1beta1/projects/-/sites/oto-web-1/channels/live/releases versionName=projects%2F635790024578%2Fsites%2Foto-web-1%2Fversions%2F4595b8627c9238e0
[debug] [2023-02-24T20:43:14.235Z] >>> [apiv2][body] POST https://firebasehosting.googleapis.com/v1beta1/projects/-/sites/oto-web-1/channels/live/releases {}
[debug] [2023-02-24T20:43:15.683Z] <<< [apiv2][status] POST https://firebasehosting.googleapis.com/v1beta1/projects/-/sites/oto-web-1/channels/live/releases 200
[debug] [2023-02-24T20:43:15.684Z] <<< [apiv2][body] POST https://firebasehosting.googleapis.com/v1beta1/projects/-/sites/oto-web-1/channels/live/releases {"name":"projects/635790024578/sites/oto-web-1/channels/live/releases/1677271394583000","version":{"name":"projects/635790024578/sites/oto-web-1/versions/4595b8627c9238e0","status":"FINALIZED","config":{"rewrites":[{"glob":"**","path":"/index.html"}]},"labels":{"deployment-tool":"cli-firebase"},"createTime":"2023-02-24T20:43:09.462632Z","createUser":{"email":"felixruizdelacuesta1@gmail.com","imageUrl":"https://lh3.googleusercontent.com/a/AGNmyxbqrf9RLSQFCEI2gVF2ry2mJI-QjXbSw_WLFxcq=mo"},"finalizeTime":"2023-02-24T20:43:14.133719Z","finalizeUser":{"email":"felixruizdelacuesta1@gmail.com","imageUrl":"https://lh3.googleusercontent.com/a/AGNmyxbqrf9RLSQFCEI2gVF2ry2mJI-QjXbSw_WLFxcq=mo"}},"type":"DEPLOY","releaseTime":"2023-02-24T20:43:14.583Z","releaseUser":{"email":"felixruizdelacuesta1@gmail.com","imageUrl":"https://lh3.googleusercontent.com/a/AGNmyxbqrf9RLSQFCEI2gVF2ry2mJI-QjXbSw_WLFxcq=mo"}}
[debug] [2023-02-24T20:43:15.685Z] [hosting] release: {"name":"projects/635790024578/sites/oto-web-1/channels/live/releases/1677271394583000","version":{"name":"projects/635790024578/sites/oto-web-1/versions/4595b8627c9238e0","status":"FINALIZED","config":{"rewrites":[{"glob":"**","path":"/index.html"}]},"labels":{"deployment-tool":"cli-firebase"},"createTime":"2023-02-24T20:43:09.462632Z","createUser":{"email":"felixruizdelacuesta1@gmail.com","imageUrl":"https://lh3.googleusercontent.com/a/AGNmyxbqrf9RLSQFCEI2gVF2ry2mJI-QjXbSw_WLFxcq=mo"},"finalizeTime":"2023-02-24T20:43:14.133719Z","finalizeUser":{"email":"felixruizdelacuesta1@gmail.com","imageUrl":"https://lh3.googleusercontent.com/a/AGNmyxbqrf9RLSQFCEI2gVF2ry2mJI-QjXbSw_WLFxcq=mo"}},"type":"DEPLOY","releaseTime":"2023-02-24T20:43:14.583Z","releaseUser":{"email":"felixruizdelacuesta1@gmail.com","imageUrl":"https://lh3.googleusercontent.com/a/AGNmyxbqrf9RLSQFCEI2gVF2ry2mJI-QjXbSw_WLFxcq=mo"}}
[info] ✔  hosting[oto-web-1]: release complete 
[info] 
[info] ✔  Deploy complete! 
[info] 
[info] Project Console: https://console.firebase.google.com/project/oto-web-1/overview
[info] Hosting URL: https://oto-web-1.web.app
[debug] [2023-02-24T20:44:11.023Z] Error: Timed out.
    at Timeout._onTimeout (/home/felixruizdelacuesta/.npm-global/lib/node_modules/firebase-tools/lib/utils.js:253:49)
    at listOnTimeout (node:internal/timers:569:17)
    at process.processTimers (node:internal/timers:512:7)
[error] 
[error] Error: An unexpected error has occurred.
